<testsuites id="" name="" tests="60" failures="0" skipped="0" errors="0" time="107.652889">
<testsuite name="01-auth.spec.ts" timestamp="2026-03-18T09:09:34.230Z" hostname="chromium" tests="12" failures="0" skipped="0" time="9.634" errors="0">
<testcase name="Authentication › login page renders correctly" classname="01-auth.spec.ts" time="0.322">
</testcase>
<testcase name="Authentication › register page renders correctly" classname="01-auth.spec.ts" time="0.267">
</testcase>
<testcase name="Authentication › login page links to register page" classname="01-auth.spec.ts" time="0.306">
</testcase>
<testcase name="Authentication › register page links back to login" classname="01-auth.spec.ts" time="0.379">
</testcase>
<testcase name="Authentication › unauthenticated user redirected from /dashboard to /login" classname="01-auth.spec.ts" time="0.272">
</testcase>
<testcase name="Authentication › unauthenticated user redirected from /notebook/* to /login" classname="01-auth.spec.ts" time="0.315">
</testcase>
<testcase name="Authentication › login shows error on wrong credentials" classname="01-auth.spec.ts" time="0.571">
</testcase>
<testcase name="Authentication › register shows password strength indicators" classname="01-auth.spec.ts" time="0.381">
</testcase>
<testcase name="Authentication › register shows error for weak password on submit" classname="01-auth.spec.ts" time="0.33">
</testcase>
<testcase name="Authentication › full registration and redirect to dashboard" classname="01-auth.spec.ts" time="1.23">
</testcase>
<testcase name="Authentication › full login flow and redirect to dashboard" classname="01-auth.spec.ts" time="3.409">
</testcase>
<testcase name="Authentication › / root redirects to /dashboard (then to /login if not authenticated)" classname="01-auth.spec.ts" time="1.852">
</testcase>
</testsuite>
<testsuite name="02-dashboard.spec.ts" timestamp="2026-03-18T09:09:34.230Z" hostname="chromium" tests="6" failures="0" skipped="0" time="16.047" errors="0">
<testcase name="Dashboard › dashboard loads and shows header" classname="02-dashboard.spec.ts" time="2.154">
</testcase>
<testcase name="Dashboard › dashboard shows &quot;Create New&quot; button" classname="02-dashboard.spec.ts" time="2.759">
</testcase>
<testcase name="Dashboard › create notebook via modal and navigate to it" classname="02-dashboard.spec.ts" time="1.607">
</testcase>
<testcase name="Dashboard › created notebook appears on dashboard" classname="02-dashboard.spec.ts" time="3.734">
</testcase>
<testcase name="Dashboard › clicking notebook card navigates to notebook" classname="02-dashboard.spec.ts" time="3.744">
</testcase>
<testcase name="Dashboard › logout from dashboard redirects to login" classname="02-dashboard.spec.ts" time="2.049">
</testcase>
</testsuite>
<testsuite name="03-notebook.spec.ts" timestamp="2026-03-18T09:09:34.230Z" hostname="chromium" tests="7" failures="0" skipped="0" time="16.711" errors="0">
<testcase name="Notebook Page › notebook page renders three panels" classname="03-notebook.spec.ts" time="3.108">
</testcase>
<testcase name="Notebook Page › notebook name is visible" classname="03-notebook.spec.ts" time="4.134">
</testcase>
<testcase name="Notebook Page › back button navigates to dashboard" classname="03-notebook.spec.ts" time="2.753">
</testcase>
<testcase name="Notebook Page › sources panel shows upload option" classname="03-notebook.spec.ts" time="0.915">
</testcase>
<testcase name="Notebook Page › chat input is visible" classname="03-notebook.spec.ts" time="0.658">
</testcase>
<testcase name="Notebook Page › add sources opens upload modal with file input" classname="03-notebook.spec.ts" time="2.161">
</testcase>
<testcase name="Notebook Page › notebook page has studio panel area" classname="03-notebook.spec.ts" time="2.982">
</testcase>
</testsuite>
<testsuite name="04-chat.spec.ts" timestamp="2026-03-18T09:09:34.230Z" hostname="chromium" tests="7" failures="0" skipped="0" time="4.73" errors="0">
<testcase name="AI Chat › chat input is visible" classname="04-chat.spec.ts" time="0.711">
</testcase>
<testcase name="AI Chat › empty notebook shows upload prompt in chat" classname="04-chat.spec.ts" time="0.654">
</testcase>
<testcase name="AI Chat › send button is disabled for empty notebook" classname="04-chat.spec.ts" time="0.648">
</testcase>
<testcase name="AI Chat › chat heading is visible" classname="04-chat.spec.ts" time="0.729">
</testcase>
<testcase name="AI Chat › notebook name appears in chat area" classname="04-chat.spec.ts" time="0.697">
</testcase>
<testcase name="AI Chat › source count shows in chat area" classname="04-chat.spec.ts" time="0.65">
</testcase>
<testcase name="AI Chat › AI disclaimer is visible" classname="04-chat.spec.ts" time="0.641">
</testcase>
</testsuite>
<testsuite name="05-studio.spec.ts" timestamp="2026-03-18T09:09:34.230Z" hostname="chromium" tests="7" failures="0" skipped="0" time="22.764" errors="0">
<testcase name="Studio Features › studio panel heading is visible" classname="05-studio.spec.ts" time="1.462">
</testcase>
<testcase name="Studio Features › summary button or option is present" classname="05-studio.spec.ts" time="4.513">
</testcase>
<testcase name="Studio Features › FAQ option is present" classname="05-studio.spec.ts" time="2.717">
</testcase>
<testcase name="Studio Features › action items option is present" classname="05-studio.spec.ts" time="4.042">
</testcase>
<testcase name="Studio Features › saved notes section is present" classname="05-studio.spec.ts" time="2.892">
</testcase>
<testcase name="Studio Features › mind map option is present" classname="05-studio.spec.ts" time="4.241">
</testcase>
<testcase name="Studio Features › clicking summary shows generate button or starts generation" classname="05-studio.spec.ts" time="2.897">
</testcase>
</testsuite>
<testsuite name="06-sharing.spec.ts" timestamp="2026-03-18T09:09:34.230Z" hostname="chromium" tests="5" failures="0" skipped="0" time="14.185" errors="0">
<testcase name="Notebook Sharing › share button is visible in notebook" classname="06-sharing.spec.ts" time="2.61">
</testcase>
<testcase name="Notebook Sharing › clicking share opens share modal" classname="06-sharing.spec.ts" time="2.731">
</testcase>
<testcase name="Notebook Sharing › share modal has invite link section" classname="06-sharing.spec.ts" time="2.878">
</testcase>
<testcase name="Notebook Sharing › invalid join token shows error page" classname="06-sharing.spec.ts" time="3.019">
</testcase>
<testcase name="Notebook Sharing › share modal can be closed" classname="06-sharing.spec.ts" time="2.947">
</testcase>
</testsuite>
<testsuite name="07-upload.spec.ts" timestamp="2026-03-18T09:09:34.230Z" hostname="chromium" tests="5" failures="0" skipped="0" time="14.154" errors="0">
<testcase name="Document Upload › add sources button is visible" classname="07-upload.spec.ts" time="2.721">
</testcase>
<testcase name="Document Upload › clicking add sources opens upload modal" classname="07-upload.spec.ts" time="2.964">
</testcase>
<testcase name="Document Upload › upload modal has file input" classname="07-upload.spec.ts" time="2.998">
</testcase>
<testcase name="Document Upload › upload a TXT file via modal" classname="07-upload.spec.ts" time="2.728">
</testcase>
<testcase name="Document Upload › upload modal has URL input option" classname="07-upload.spec.ts" time="2.743">
</testcase>
</testsuite>
<testsuite name="08-navigation.spec.ts" timestamp="2026-03-18T09:09:34.230Z" hostname="chromium" tests="11" failures="0" skipped="0" time="3.985" errors="0">
<testcase name="Navigation &amp; Public Pages › 404 page for unknown route" classname="08-navigation.spec.ts" time="1.039">
</testcase>
<testcase name="Navigation &amp; Public Pages › privacy policy page loads" classname="08-navigation.spec.ts" time="0.251">
</testcase>
<testcase name="Navigation &amp; Public Pages › terms of service page loads" classname="08-navigation.spec.ts" time="0.323">
</testcase>
<testcase name="Navigation &amp; Public Pages › help center page loads" classname="08-navigation.spec.ts" time="0.263">
</testcase>
<testcase name="Navigation &amp; Public Pages › forgot password page loads" classname="08-navigation.spec.ts" time="0.267">
</testcase>
<testcase name="Navigation &amp; Public Pages › forgot password page has email input" classname="08-navigation.spec.ts" time="0.356">
</testcase>
<testcase name="Navigation &amp; Public Pages › 404 page has link to dashboard" classname="08-navigation.spec.ts" time="0.246">
</testcase>
<testcase name="Navigation &amp; Public Pages › login page URL is correct" classname="08-navigation.spec.ts" time="0.35">
</testcase>
<testcase name="Navigation &amp; Public Pages › register page URL is correct" classname="08-navigation.spec.ts" time="0.262">
</testcase>
<testcase name="Navigation &amp; Public Pages › page title includes Noteflow branding" classname="08-navigation.spec.ts" time="0.356">
</testcase>
<testcase name="Navigation &amp; Public Pages › invalid join token page renders (auth guard redirects to login)" classname="08-navigation.spec.ts" time="0.272">
</testcase>
</testsuite>
</testsuites>